#
# There is insufficient memory for the Java Runtime Environment to continue.
# Native memory allocation (malloc) failed to allocate 32744 bytes for Chunk::new
# Possible reasons:
#   The system is out of physical RAM or swap space
#   The process is running with CompressedOops enabled, and the Java Heap may be blocking the growth of the native heap
# Possible solutions:
#   Reduce memory load on the system
#   Increase physical memory or swap space
#   Check if swap backing store is full
#   Decrease Java heap size (-Xmx/-Xms)
#   Decrease number of Java threads
#   Decrease Java thread stack sizes (-Xss)
#   Set larger code cache with -XX:ReservedCodeCacheSize=
#   JVM is running with Unscaled Compressed Oops mode in which the Java heap is
#     placed in the first 4GB address space. The Java Heap base address is the
#     maximum limit for the native heap growth. Please use -XX:HeapBaseMinAddress
#     to set the Java Heap base and to place the Java Heap above 4GB virtual address.
# This output file may be truncated or incomplete.
#
#  Out of Memory Error (arena.cpp:184), pid=4192, tid=20744
#
# JRE version: Java(TM) SE Runtime Environment (18.0.2+9) (build 18.0.2+9-61)
# Java VM: Java HotSpot(TM) 64-Bit Server VM (18.0.2+9-61, mixed mode, sharing, tiered, compressed oops, compressed class ptrs, g1 gc, windows-amd64)
# No core dump will be written. Minidumps are not enabled by default on client versions of Windows
#

---------------  S U M M A R Y ------------

Command Line: -javaagent:C:\Program Files\JetBrains\IntelliJ IDEA 2022.2.3\lib\idea_rt.jar=61864:C:\Program Files\JetBrains\IntelliJ IDEA 2022.2.3\bin -Dfile.encoding=UTF-8 -Dsun.stdout.encoding=UTF-8 -Dsun.stderr.encoding=UTF-8 chanshengsi01.MainGUI

Host: AMD Ryzen 5 4500U with Radeon Graphics         , 6 cores, 7G,  Windows 10 , 64 bit Build 19041 (10.0.19041.2251)
Time: Tue Nov 29 03:14:33 2022  Windows 10 , 64 bit Build 19041 (10.0.19041.2251) elapsed time: 218.135041 seconds (0d 0h 3m 38s)

---------------  T H R E A D  ---------------

Current thread (0x000002494f245f90):  JavaThread "C2 CompilerThread0" daemon [_thread_in_native, id=20744, stack(0x000000a73a300000,0x000000a73a400000)]


Current CompileTask:
C2: 218135 2859   !   4       sun.awt.PostEventQueue::flush (168 bytes)

Stack: [0x000000a73a300000,0x000000a73a400000]
Native frames: (J=compiled Java code, j=interpreted, Vv=VM code, C=native code)
V  [jvm.dll+0x6993ca]
V  [jvm.dll+0x7f481d]
V  [jvm.dll+0x7f612e]
V  [jvm.dll+0x7f67e3]
V  [jvm.dll+0x25cdaf]
V  [jvm.dll+0xb8c2f]
V  [jvm.dll+0xb8fa5]
V  [jvm.dll+0x6766b0]
V  [jvm.dll+0x6765e4]
V  [jvm.dll+0x3838e2]
V  [jvm.dll+0x2ef640]
V  [jvm.dll+0x660341]
V  [jvm.dll+0x12a53c]
V  [jvm.dll+0x35faf6]
V  [jvm.dll+0x6b4cf6]
V  [jvm.dll+0x6b4052]
V  [jvm.dll+0x6af57d]
V  [jvm.dll+0x6a978b]
V  [jvm.dll+0x6a8dc5]
V  [jvm.dll+0x6a6c7b]
V  [jvm.dll+0x1bd20c]
V  [jvm.dll+0x1bddd6]
V  [jvm.dll+0x2c6ec8]
V  [jvm.dll+0x6b16a8]
V  [jvm.dll+0x6a978b]
V  [jvm.dll+0x6a8dc5]
V  [jvm.dll+0x6a6c7b]
V  [jvm.dll+0x1bd20c]
V  [jvm.dll+0x1bddd6]
V  [jvm.dll+0x2c6ec8]
V  [jvm.dll+0x6b16a8]
V  [jvm.dll+0x6a978b]
V  [jvm.dll+0x6a8dc5]
V  [jvm.dll+0x6a6c7b]
V  [jvm.dll+0x1bd20c]
V  [jvm.dll+0x1bddd6]
V  [jvm.dll+0x2c6ec8]
V  [jvm.dll+0x6b16a8]
V  [jvm.dll+0x6a978b]
V  [jvm.dll+0x6a8dc5]
V  [jvm.dll+0x6a6c7b]
V  [jvm.dll+0x1bd20c]
V  [jvm.dll+0x1bddd6]
V  [jvm.dll+0x1bddd6]
V  [jvm.dll+0x2c6ec8]
V  [jvm.dll+0x6b16a8]
V  [jvm.dll+0x6a978b]
V  [jvm.dll+0x6a8dc5]
V  [jvm.dll+0x6a6c7b]
V  [jvm.dll+0x1bd20c]
V  [jvm.dll+0x1bddd6]
V  [jvm.dll+0x2c6ec8]
V  [jvm.dll+0x6b16a8]
V  [jvm.dll+0x6a978b]
V  [jvm.dll+0x6a8dc5]
V  [jvm.dll+0x6a6c7b]
V  [jvm.dll+0x1bd20c]
V  [jvm.dll+0x1bddd6]
V  [jvm.dll+0x2c6ec8]
V  [jvm.dll+0x6b16a8]
V  [jvm.dll+0x6a978b]
V  [jvm.dll+0x6a8dc5]
V  [jvm.dll+0x6a6c7b]
V  [jvm.dll+0x1bd20c]
V  [jvm.dll+0x22eee8]
V  [jvm.dll+0x1ba01c]
V  [jvm.dll+0x23ec9a]
V  [jvm.dll+0x23cf85]
V  [jvm.dll+0x7a6e21]
V  [jvm.dll+0x7a125a]
V  [jvm.dll+0x698275]
C  [ucrtbase.dll+0x21bb2]
C  [KERNEL32.DLL+0x174b4]
C  [ntdll.dll+0x526a1]


---------------  P R O C E S S  ---------------

Threads class SMR info:
_java_thread_list=0x0000024956786950, length=19, elements={
0x000002494f223b10, 0x000002494f224680, 0x000002494f23e830, 0x000002494f2400f0,
0x000002494f2409a0, 0x000002494f241250, 0x000002494f245f90, 0x000002494f252010,
0x000002494f266220, 0x0000024953422470, 0x000002495350e360, 0x000002495350e820,
0x00000249536d2320, 0x00000249536d2c60, 0x00000249536a45a0, 0x00000249563dea30,
0x000002492fa252b0, 0x00000249535d0bf0, 0x00000249566dae20
}

Java Threads: ( => current thread )
  0x000002494f223b10 JavaThread "Reference Handler" daemon [_thread_blocked, id=20416, stack(0x000000a739d00000,0x000000a739e00000)]
  0x000002494f224680 JavaThread "Finalizer" daemon [_thread_blocked, id=14392, stack(0x000000a739e00000,0x000000a739f00000)]
  0x000002494f23e830 JavaThread "Signal Dispatcher" daemon [_thread_blocked, id=8816, stack(0x000000a739f00000,0x000000a73a000000)]
  0x000002494f2400f0 JavaThread "Attach Listener" daemon [_thread_blocked, id=19184, stack(0x000000a73a000000,0x000000a73a100000)]
  0x000002494f2409a0 JavaThread "Service Thread" daemon [_thread_blocked, id=15604, stack(0x000000a73a100000,0x000000a73a200000)]
  0x000002494f241250 JavaThread "Monitor Deflation Thread" daemon [_thread_blocked, id=14072, stack(0x000000a73a200000,0x000000a73a300000)]
=>0x000002494f245f90 JavaThread "C2 CompilerThread0" daemon [_thread_in_native, id=20744, stack(0x000000a73a300000,0x000000a73a400000)]
  0x000002494f252010 JavaThread "C1 CompilerThread0" daemon [_thread_blocked, id=21316, stack(0x000000a73a400000,0x000000a73a500000)]
  0x000002494f266220 JavaThread "Sweeper thread" daemon [_thread_blocked, id=19588, stack(0x000000a73a500000,0x000000a73a600000)]
  0x0000024953422470 JavaThread "Common-Cleaner" daemon [_thread_blocked, id=11980, stack(0x000000a73a600000,0x000000a73a700000)]
  0x000002495350e360 JavaThread "Monitor Ctrl-Break" daemon [_thread_in_native, id=17624, stack(0x000000a73a700000,0x000000a73a800000)]
  0x000002495350e820 JavaThread "Notification Thread" daemon [_thread_blocked, id=18760, stack(0x000000a73a800000,0x000000a73a900000)]
  0x00000249536d2320 JavaThread "Java2D Disposer" daemon [_thread_blocked, id=21216, stack(0x000000a73aa00000,0x000000a73ab00000)]
  0x00000249536d2c60 JavaThread "AWT-Shutdown" [_thread_blocked, id=20080, stack(0x000000a73ab00000,0x000000a73ac00000)]
  0x00000249536a45a0 JavaThread "AWT-Windows" daemon [_thread_in_native, id=2912, stack(0x000000a73ac00000,0x000000a73ad00000)]
  0x00000249563dea30 JavaThread "AWT-EventQueue-0" [_thread_in_vm, id=6004, stack(0x000000a73b700000,0x000000a73b800000)]
  0x000002492fa252b0 JavaThread "DestroyJavaVM" [_thread_blocked, id=17620, stack(0x000000a739600000,0x000000a739700000)]
  0x00000249535d0bf0 JavaThread "D3D Screen Updater" daemon [_thread_blocked, id=11056, stack(0x000000a73b900000,0x000000a73ba00000)]
  0x00000249566dae20 JavaThread "TimerQueue" daemon [_thread_blocked, id=13068, stack(0x000000a73ba00000,0x000000a73bb00000)]

Other Threads:
  0x000002492faa2e90 VMThread "VM Thread" [stack: 0x000000a739c00000,0x000000a739d00000] [id=7348]
  0x0000024953512d90 WatcherThread "VM Periodic Task Thread" [stack: 0x000000a73a900000,0x000000a73aa00000] [id=13280]
  0x000002492fa82290 WorkerThread "GC Thread#0" [stack: 0x000000a739700000,0x000000a739800000] [id=14636]
  0x000002495abf0d10 WorkerThread "GC Thread#1" [stack: 0x000000a739300000,0x000000a739400000] [id=8800]
  0x000002495a1cf350 WorkerThread "GC Thread#2" [stack: 0x000000a739400000,0x000000a739500000] [id=18680]
  0x000002495a1cf5f0 WorkerThread "GC Thread#3" [stack: 0x000000a739500000,0x000000a739600000] [id=7220]
  0x000002495a1cf890 WorkerThread "GC Thread#4" [stack: 0x000000a73bd00000,0x000000a73be00000] [id=5024]
  0x000002495abc8010 WorkerThread "GC Thread#5" [stack: 0x000000a73be00000,0x000000a73bf00000] [id=11400]
  0x000002492fa92de0 ConcurrentGCThread "G1 Main Marker" [stack: 0x000000a739800000,0x000000a739900000] [id=20476]
  0x000002492fa946f0 WorkerThread "G1 Conc#0" [stack: 0x000000a739900000,0x000000a739a00000] [id=5040]
  0x000002492fadba40 ConcurrentGCThread "G1 Refine#0" [stack: 0x000000a739a00000,0x000000a739b00000] [id=2576]
  0x000002492fadc260 ConcurrentGCThread "G1 Service" [stack: 0x000000a739b00000,0x000000a739c00000] [id=12144]

Threads with active compile tasks:
C2 CompilerThread0   218191 2859   !   4       sun.awt.PostEventQueue::flush (168 bytes)

VM state: not at safepoint (normal execution)

VM Mutex/Monitor currently owned by a thread: None

Heap address: 0x0000000089800000, size: 1896 MB, Compressed Oops mode: 32-bit

CDS archive(s) mapped at: [0x0000000800000000-0x0000000800ba0000-0x0000000800ba0000), size 12189696, SharedBaseAddress: 0x0000000800000000, ArchiveRelocationMode: 0.
Compressed class space mapped at: 0x0000000800c00000-0x0000000840c00000, reserved size: 1073741824
Narrow klass base: 0x0000000800000000, Narrow klass shift: 0, Narrow klass range: 0x100000000

GC Precious Log:
 CardTable entry size: 512
 Card Set container configuration: InlinePtr #cards 5 size 8 Array Of Cards #cards 12 size 40 Howl #buckets 4 coarsen threshold 1843 Howl Bitmap #cards 512 size 80 coarsen threshold 460 Card regions per heap region 1 cards per card region 2048
 CPUs: 6 total, 6 available
 Memory: 7581M
 Large Page Support: Disabled
 NUMA Support: Disabled
 Compressed Oops: Enabled (32-bit)
 Heap Region Size: 1M
 Heap Min Capacity: 8M
 Heap Initial Capacity: 120M
 Heap Max Capacity: 1896M
 Pre-touch: Disabled
 Parallel Workers: 6
 Concurrent Workers: 2
 Concurrent Refinement Workers: 6
 Periodic GC: Disabled

Heap:
 garbage-first heap   total 122880K, used 20101K [0x0000000089800000, 0x0000000100000000)
  region size 1024K, 15 young (15360K), 3 survivors (3072K)
 Metaspace       used 11714K, committed 11968K, reserved 1114112K
  class space    used 1209K, committed 1344K, reserved 1048576K

Heap Regions: E=young(eden), S=young(survivor), O=old, HS=humongous(starts), HC=humongous(continues), CS=collection set, F=free, OA=open archive, CA=closed archive, TAMS=top-at-mark-start (previous, next)
|   0|0x0000000089800000, 0x0000000089800000, 0x0000000089900000|  0%| F|  |TAMS 0x0000000089800000, 0x0000000089800000| Untracked 
|   1|0x0000000089900000, 0x0000000089a00000, 0x0000000089a00000|100%|HS|  |TAMS 0x0000000089900000, 0x0000000089900000| Complete 
|   2|0x0000000089a00000, 0x0000000089a00000, 0x0000000089b00000|  0%| F|  |TAMS 0x0000000089a00000, 0x0000000089a00000| Untracked 
|   3|0x0000000089b00000, 0x0000000089c00000, 0x0000000089c00000|100%|HS|  |TAMS 0x0000000089b00000, 0x0000000089b00000| Complete 
|   4|0x0000000089c00000, 0x0000000089d00000, 0x0000000089d00000|100%|HC|  |TAMS 0x0000000089c00000, 0x0000000089c00000| Complete 
|   5|0x0000000089d00000, 0x0000000089da1600, 0x0000000089e00000| 63%| O|  |TAMS 0x0000000089d00000, 0x0000000089d00000| Untracked 
|   6|0x0000000089e00000, 0x0000000089f00000, 0x0000000089f00000|100%|HS|  |TAMS 0x0000000089e00000, 0x0000000089e00000| Complete 
|   7|0x0000000089f00000, 0x000000008a000000, 0x000000008a000000|100%|HC|  |TAMS 0x0000000089f00000, 0x0000000089f00000| Complete 
|   8|0x000000008a000000, 0x000000008a000000, 0x000000008a100000|  0%| F|  |TAMS 0x000000008a000000, 0x000000008a000000| Untracked 
|   9|0x000000008a100000, 0x000000008a100000, 0x000000008a200000|  0%| F|  |TAMS 0x000000008a100000, 0x000000008a100000| Untracked 
|  10|0x000000008a200000, 0x000000008a200000, 0x000000008a300000|  0%| F|  |TAMS 0x000000008a200000, 0x000000008a200000| Untracked 
|  11|0x000000008a300000, 0x000000008a300000, 0x000000008a400000|  0%| F|  |TAMS 0x000000008a300000, 0x000000008a300000| Untracked 
|  12|0x000000008a400000, 0x000000008a400000, 0x000000008a500000|  0%| F|  |TAMS 0x000000008a400000, 0x000000008a400000| Untracked 
|  13|0x000000008a500000, 0x000000008a500000, 0x000000008a600000|  0%| F|  |TAMS 0x000000008a500000, 0x000000008a500000| Untracked 
|  14|0x000000008a600000, 0x000000008a600000, 0x000000008a700000|  0%| F|  |TAMS 0x000000008a600000, 0x000000008a600000| Untracked 
|  15|0x000000008a700000, 0x000000008a700000, 0x000000008a800000|  0%| F|  |TAMS 0x000000008a700000, 0x000000008a700000| Untracked 
|  16|0x000000008a800000, 0x000000008a800000, 0x000000008a900000|  0%| F|  |TAMS 0x000000008a800000, 0x000000008a800000| Untracked 
|  17|0x000000008a900000, 0x000000008a900000, 0x000000008aa00000|  0%| F|  |TAMS 0x000000008a900000, 0x000000008a900000| Untracked 
|  18|0x000000008aa00000, 0x000000008aa00000, 0x000000008ab00000|  0%| F|  |TAMS 0x000000008aa00000, 0x000000008aa00000| Untracked 
|  19|0x000000008ab00000, 0x000000008ab00000, 0x000000008ac00000|  0%| F|  |TAMS 0x000000008ab00000, 0x000000008ab00000| Untracked 
|  20|0x000000008ac00000, 0x000000008ac00000, 0x000000008ad00000|  0%| F|  |TAMS 0x000000008ac00000, 0x000000008ac00000| Untracked 
|  21|0x000000008ad00000, 0x000000008ad00000, 0x000000008ae00000|  0%| F|  |TAMS 0x000000008ad00000, 0x000000008ad00000| Untracked 
|  22|0x000000008ae00000, 0x000000008ae00000, 0x000000008af00000|  0%| F|  |TAMS 0x000000008ae00000, 0x000000008ae00000| Untracked 
|  23|0x000000008af00000, 0x000000008af00000, 0x000000008b000000|  0%| F|  |TAMS 0x000000008af00000, 0x000000008af00000| Untracked 
|  24|0x000000008b000000, 0x000000008b000000, 0x000000008b100000|  0%| F|  |TAMS 0x000000008b000000, 0x000000008b000000| Untracked 
|  25|0x000000008b100000, 0x000000008b100000, 0x000000008b200000|  0%| F|  |TAMS 0x000000008b100000, 0x000000008b100000| Untracked 
|  26|0x000000008b200000, 0x000000008b200000, 0x000000008b300000|  0%| F|  |TAMS 0x000000008b200000, 0x000000008b200000| Untracked 
|  27|0x000000008b300000, 0x000000008b300000, 0x000000008b400000|  0%| F|  |TAMS 0x000000008b300000, 0x000000008b300000| Untracked 
|  28|0x000000008b400000, 0x000000008b400000, 0x000000008b500000|  0%| F|  |TAMS 0x000000008b400000, 0x000000008b400000| Untracked 
|  29|0x000000008b500000, 0x000000008b500000, 0x000000008b600000|  0%| F|  |TAMS 0x000000008b500000, 0x000000008b500000| Untracked 
|  30|0x000000008b600000, 0x000000008b600000, 0x000000008b700000|  0%| F|  |TAMS 0x000000008b600000, 0x000000008b600000| Untracked 
|  31|0x000000008b700000, 0x000000008b700000, 0x000000008b800000|  0%| F|  |TAMS 0x000000008b700000, 0x000000008b700000| Untracked 
|  32|0x000000008b800000, 0x000000008b800000, 0x000000008b900000|  0%| F|  |TAMS 0x000000008b800000, 0x000000008b800000| Untracked 
|  33|0x000000008b900000, 0x000000008b900000, 0x000000008ba00000|  0%| F|  |TAMS 0x000000008b900000, 0x000000008b900000| Untracked 
|  34|0x000000008ba00000, 0x000000008ba00000, 0x000000008bb00000|  0%| F|  |TAMS 0x000000008ba00000, 0x000000008ba00000| Untracked 
|  35|0x000000008bb00000, 0x000000008bb00000, 0x000000008bc00000|  0%| F|  |TAMS 0x000000008bb00000, 0x000000008bb00000| Untracked 
|  36|0x000000008bc00000, 0x000000008bc00000, 0x000000008bd00000|  0%| F|  |TAMS 0x000000008bc00000, 0x000000008bc00000| Untracked 
|  37|0x000000008bd00000, 0x000000008bd00000, 0x000000008be00000|  0%| F|  |TAMS 0x000000008bd00000, 0x000000008bd00000| Untracked 
|  38|0x000000008be00000, 0x000000008be00000, 0x000000008bf00000|  0%| F|  |TAMS 0x000000008be00000, 0x000000008be00000| Untracked 
|  39|0x000000008bf00000, 0x000000008bf00000, 0x000000008c000000|  0%| F|  |TAMS 0x000000008bf00000, 0x000000008bf00000| Untracked 
|  40|0x000000008c000000, 0x000000008c000000, 0x000000008c100000|  0%| F|  |TAMS 0x000000008c000000, 0x000000008c000000| Untracked 
|  41|0x000000008c100000, 0x000000008c100000, 0x000000008c200000|  0%| F|  |TAMS 0x000000008c100000, 0x000000008c100000| Untracked 
|  42|0x000000008c200000, 0x000000008c200000, 0x000000008c300000|  0%| F|  |TAMS 0x000000008c200000, 0x000000008c200000| Untracked 
|  43|0x000000008c300000, 0x000000008c300000, 0x000000008c400000|  0%| F|  |TAMS 0x000000008c300000, 0x000000008c300000| Untracked 
|  44|0x000000008c400000, 0x000000008c400000, 0x000000008c500000|  0%| F|  |TAMS 0x000000008c400000, 0x000000008c400000| Untracked 
|  45|0x000000008c500000, 0x000000008c500000, 0x000000008c600000|  0%| F|  |TAMS 0x000000008c500000, 0x000000008c500000| Untracked 
|  46|0x000000008c600000, 0x000000008c600000, 0x000000008c700000|  0%| F|  |TAMS 0x000000008c600000, 0x000000008c600000| Untracked 
|  47|0x000000008c700000, 0x000000008c700000, 0x000000008c800000|  0%| F|  |TAMS 0x000000008c700000, 0x000000008c700000| Untracked 
|  48|0x000000008c800000, 0x000000008c800000, 0x000000008c900000|  0%| F|  |TAMS 0x000000008c800000, 0x000000008c800000| Untracked 
|  49|0x000000008c900000, 0x000000008c900000, 0x000000008ca00000|  0%| F|  |TAMS 0x000000008c900000, 0x000000008c900000| Untracked 
|  50|0x000000008ca00000, 0x000000008ca00000, 0x000000008cb00000|  0%| F|  |TAMS 0x000000008ca00000, 0x000000008ca00000| Untracked 
|  51|0x000000008cb00000, 0x000000008cb00000, 0x000000008cc00000|  0%| F|  |TAMS 0x000000008cb00000, 0x000000008cb00000| Untracked 
|  52|0x000000008cc00000, 0x000000008cc00000, 0x000000008cd00000|  0%| F|  |TAMS 0x000000008cc00000, 0x000000008cc00000| Untracked 
|  53|0x000000008cd00000, 0x000000008cd00000, 0x000000008ce00000|  0%| F|  |TAMS 0x000000008cd00000, 0x000000008cd00000| Untracked 
|  54|0x000000008ce00000, 0x000000008ce00000, 0x000000008cf00000|  0%| F|  |TAMS 0x000000008ce00000, 0x000000008ce00000| Untracked 
|  55|0x000000008cf00000, 0x000000008cf00000, 0x000000008d000000|  0%| F|  |TAMS 0x000000008cf00000, 0x000000008cf00000| Untracked 
|  56|0x000000008d000000, 0x000000008d000000, 0x000000008d100000|  0%| F|  |TAMS 0x000000008d000000, 0x000000008d000000| Untracked 
|  57|0x000000008d100000, 0x000000008d100000, 0x000000008d200000|  0%| F|  |TAMS 0x000000008d100000, 0x000000008d100000| Untracked 
|  58|0x000000008d200000, 0x000000008d200000, 0x000000008d300000|  0%| F|  |TAMS 0x000000008d200000, 0x000000008d200000| Untracked 
|  59|0x000000008d300000, 0x000000008d300000, 0x000000008d400000|  0%| F|  |TAMS 0x000000008d300000, 0x000000008d300000| Untracked 
|  60|0x000000008d400000, 0x000000008d400000, 0x000000008d500000|  0%| F|  |TAMS 0x000000008d400000, 0x000000008d400000| Untracked 
|  61|0x000000008d500000, 0x000000008d500000, 0x000000008d600000|  0%| F|  |TAMS 0x000000008d500000, 0x000000008d500000| Untracked 
|  62|0x000000008d600000, 0x000000008d600000, 0x000000008d700000|  0%| F|  |TAMS 0x000000008d600000, 0x000000008d600000| Untracked 
|  63|0x000000008d700000, 0x000000008d700000, 0x000000008d800000|  0%| F|  |TAMS 0x000000008d700000, 0x000000008d700000| Untracked 
|  64|0x000000008d800000, 0x000000008d800000, 0x000000008d900000|  0%| F|  |TAMS 0x000000008d800000, 0x000000008d800000| Untracked 
|  65|0x000000008d900000, 0x000000008d900000, 0x000000008da00000|  0%| F|  |TAMS 0x000000008d900000, 0x000000008d900000| Untracked 
|  66|0x000000008da00000, 0x000000008da00000, 0x000000008db00000|  0%| F|  |TAMS 0x000000008da00000, 0x000000008da00000| Untracked 
|  67|0x000000008db00000, 0x000000008db00000, 0x000000008dc00000|  0%| F|  |TAMS 0x000000008db00000, 0x000000008db00000| Untracked 
|  68|0x000000008dc00000, 0x000000008dc00000, 0x000000008dd00000|  0%| F|  |TAMS 0x000000008dc00000, 0x000000008dc00000| Untracked 
|  69|0x000000008dd00000, 0x000000008dd00000, 0x000000008de00000|  0%| F|  |TAMS 0x000000008dd00000, 0x000000008dd00000| Untracked 
|  70|0x000000008de00000, 0x000000008de00000, 0x000000008df00000|  0%| F|  |TAMS 0x000000008de00000, 0x000000008de00000| Untracked 
|  71|0x000000008df00000, 0x000000008df00000, 0x000000008e000000|  0%| F|  |TAMS 0x000000008df00000, 0x000000008df00000| Untracked 
|  72|0x000000008e000000, 0x000000008e000000, 0x000000008e100000|  0%| F|  |TAMS 0x000000008e000000, 0x000000008e000000| Untracked 
|  73|0x000000008e100000, 0x000000008e100000, 0x000000008e200000|  0%| F|  |TAMS 0x000000008e100000, 0x000000008e100000| Untracked 
|  74|0x000000008e200000, 0x000000008e200000, 0x000000008e300000|  0%| F|  |TAMS 0x000000008e200000, 0x000000008e200000| Untracked 
|  75|0x000000008e300000, 0x000000008e300000, 0x000000008e400000|  0%| F|  |TAMS 0x000000008e300000, 0x000000008e300000| Untracked 
|  76|0x000000008e400000, 0x000000008e400000, 0x000000008e500000|  0%| F|  |TAMS 0x000000008e400000, 0x000000008e400000| Untracked 
|  77|0x000000008e500000, 0x000000008e500000, 0x000000008e600000|  0%| F|  |TAMS 0x000000008e500000, 0x000000008e500000| Untracked 
|  78|0x000000008e600000, 0x000000008e600000, 0x000000008e700000|  0%| F|  |TAMS 0x000000008e600000, 0x000000008e600000| Untracked 
|  79|0x000000008e700000, 0x000000008e700000, 0x000000008e800000|  0%| F|  |TAMS 0x000000008e700000, 0x000000008e700000| Untracked 
|  80|0x000000008e800000, 0x000000008e800000, 0x000000008e900000|  0%| F|  |TAMS 0x000000008e800000, 0x000000008e800000| Untracked 
|  81|0x000000008e900000, 0x000000008e900000, 0x000000008ea00000|  0%| F|  |TAMS 0x000000008e900000, 0x000000008e900000| Untracked 
|  82|0x000000008ea00000, 0x000000008ea00000, 0x000000008eb00000|  0%| F|  |TAMS 0x000000008ea00000, 0x000000008ea00000| Untracked 
|  83|0x000000008eb00000, 0x000000008eb00000, 0x000000008ec00000|  0%| F|  |TAMS 0x000000008eb00000, 0x000000008eb00000| Untracked 
|  84|0x000000008ec00000, 0x000000008ec00000, 0x000000008ed00000|  0%| F|  |TAMS 0x000000008ec00000, 0x000000008ec00000| Untracked 
|  85|0x000000008ed00000, 0x000000008ed00000, 0x000000008ee00000|  0%| F|  |TAMS 0x000000008ed00000, 0x000000008ed00000| Untracked 
|  86|0x000000008ee00000, 0x000000008ee00000, 0x000000008ef00000|  0%| F|  |TAMS 0x000000008ee00000, 0x000000008ee00000| Untracked 
|  87|0x000000008ef00000, 0x000000008ef00000, 0x000000008f000000|  0%| F|  |TAMS 0x000000008ef00000, 0x000000008ef00000| Untracked 
|  88|0x000000008f000000, 0x000000008f000000, 0x000000008f100000|  0%| F|  |TAMS 0x000000008f000000, 0x000000008f000000| Untracked 
|  89|0x000000008f100000, 0x000000008f100000, 0x000000008f200000|  0%| F|  |TAMS 0x000000008f100000, 0x000000008f100000| Untracked 
|  90|0x000000008f200000, 0x000000008f200000, 0x000000008f300000|  0%| F|  |TAMS 0x000000008f200000, 0x000000008f200000| Untracked 
|  91|0x000000008f300000, 0x000000008f300000, 0x000000008f400000|  0%| F|  |TAMS 0x000000008f300000, 0x000000008f300000| Untracked 
|  92|0x000000008f400000, 0x000000008f400000, 0x000000008f500000|  0%| F|  |TAMS 0x000000008f400000, 0x000000008f400000| Untracked 
|  93|0x000000008f500000, 0x000000008f500000, 0x000000008f600000|  0%| F|  |TAMS 0x000000008f500000, 0x000000008f500000| Untracked 
|  94|0x000000008f600000, 0x000000008f600000, 0x000000008f700000|  0%| F|  |TAMS 0x000000008f600000, 0x000000008f600000| Untracked 
|  95|0x000000008f700000, 0x000000008f700000, 0x000000008f800000|  0%| F|  |TAMS 0x000000008f700000, 0x000000008f700000| Untracked 
|  96|0x000000008f800000, 0x000000008f900000, 0x000000008f900000|100%| S|CS|TAMS 0x000000008f800000, 0x000000008f800000| Complete 
|  97|0x000000008f900000, 0x000000008fa00000, 0x000000008fa00000|100%| S|CS|TAMS 0x000000008f900000, 0x000000008f900000| Complete 
|  98|0x000000008fa00000, 0x000000008fb00000, 0x000000008fb00000|100%| S|CS|TAMS 0x000000008fa00000, 0x000000008fa00000| Complete 
|  99|0x000000008fb00000, 0x000000008fb00000, 0x000000008fc00000|  0%| F|  |TAMS 0x000000008fb00000, 0x000000008fb00000| Untracked 
| 100|0x000000008fc00000, 0x000000008fc00000, 0x000000008fd00000|  0%| F|  |TAMS 0x000000008fc00000, 0x000000008fc00000| Untracked 
| 101|0x000000008fd00000, 0x000000008fd00000, 0x000000008fe00000|  0%| F|  |TAMS 0x000000008fd00000, 0x000000008fd00000| Untracked 
| 102|0x000000008fe00000, 0x000000008fe00000, 0x000000008ff00000|  0%| F|  |TAMS 0x000000008fe00000, 0x000000008fe00000| Untracked 
| 103|0x000000008ff00000, 0x000000008ff00000, 0x0000000090000000|  0%| F|  |TAMS 0x000000008ff00000, 0x000000008ff00000| Untracked 
| 104|0x0000000090000000, 0x0000000090000000, 0x0000000090100000|  0%| F|  |TAMS 0x0000000090000000, 0x0000000090000000| Untracked 
| 105|0x0000000090100000, 0x0000000090100000, 0x0000000090200000|  0%| F|  |TAMS 0x0000000090100000, 0x0000000090100000| Untracked 
| 106|0x0000000090200000, 0x0000000090200000, 0x0000000090300000|  0%| F|  |TAMS 0x0000000090200000, 0x0000000090200000| Untracked 
| 107|0x0000000090300000, 0x0000000090300000, 0x0000000090400000|  0%| F|  |TAMS 0x0000000090300000, 0x0000000090300000| Untracked 
| 108|0x0000000090400000, 0x000000009044ec08, 0x0000000090500000| 30%| E|  |TAMS 0x0000000090400000, 0x0000000090400000| Complete 
| 109|0x0000000090500000, 0x0000000090600000, 0x0000000090600000|100%| E|CS|TAMS 0x0000000090500000, 0x0000000090500000| Complete 
| 110|0x0000000090600000, 0x0000000090700000, 0x0000000090700000|100%| E|CS|TAMS 0x0000000090600000, 0x0000000090600000| Complete 
| 111|0x0000000090700000, 0x0000000090800000, 0x0000000090800000|100%| E|CS|TAMS 0x0000000090700000, 0x0000000090700000| Complete 
| 112|0x0000000090800000, 0x0000000090900000, 0x0000000090900000|100%| E|CS|TAMS 0x0000000090800000, 0x0000000090800000| Complete 
| 113|0x0000000090900000, 0x0000000090a00000, 0x0000000090a00000|100%| E|CS|TAMS 0x0000000090900000, 0x0000000090900000| Complete 
| 114|0x0000000090a00000, 0x0000000090b00000, 0x0000000090b00000|100%| E|CS|TAMS 0x0000000090a00000, 0x0000000090a00000| Complete 
| 115|0x0000000090b00000, 0x0000000090c00000, 0x0000000090c00000|100%| E|CS|TAMS 0x0000000090b00000, 0x0000000090b00000| Complete 
| 116|0x0000000090c00000, 0x0000000090d00000, 0x0000000090d00000|100%| E|CS|TAMS 0x0000000090c00000, 0x0000000090c00000| Complete 
| 117|0x0000000090d00000, 0x0000000090e00000, 0x0000000090e00000|100%| E|CS|TAMS 0x0000000090d00000, 0x0000000090d00000| Complete 
| 118|0x0000000090e00000, 0x0000000090f00000, 0x0000000090f00000|100%| E|CS|TAMS 0x0000000090e00000, 0x0000000090e00000| Complete 
| 119|0x0000000090f00000, 0x0000000091000000, 0x0000000091000000|100%| E|CS|TAMS 0x0000000090f00000, 0x0000000090f00000| Complete 

Card table byte_map: [0x0000024948750000,0x0000024948b10000] _byte_map_base: 0x0000024948304000

Marking Bits (Prev, Next): (CMBitMap*) 0x000002492fa837b0, (CMBitMap*) 0x000002492fa837f0
 Prev Bits: [0x0000024948ed0000, 0x000002494ac70000)
 Next Bits: [0x000002494ac70000, 0x000002494ca10000)

Polling page: 0x000002492faf0000

Metaspace:

Usage:
  Non-class:     10.26 MB used.
      Class:      1.18 MB used.
       Both:     11.44 MB used.

Virtual space:
  Non-class space:       64.00 MB reserved,      10.38 MB ( 16%) committed,  1 nodes.
      Class space:        1.00 GB reserved,       1.31 MB ( <1%) committed,  1 nodes.
             Both:        1.06 GB reserved,      11.69 MB (  1%) committed. 

Chunk freelists:
   Non-Class:  1.00 MB
       Class:  2.72 MB
        Both:  3.72 MB

MaxMetaspaceSize: unlimited
CompressedClassSpaceSize: 1.00 GB
Initial GC threshold: 21.00 MB
Current GC threshold: 21.00 MB
CDS: on
MetaspaceReclaimPolicy: balanced
 - commit_granule_bytes: 65536.
 - commit_granule_words: 8192.
 - virtual_space_node_default_size: 8388608.
 - enlarge_chunks_in_place: 1.
 - new_chunks_are_fully_committed: 0.
 - uncommit_free_chunks: 1.
 - use_allocation_guard: 0.


Internal statistics:

num_allocs_failed_limit: 0.
num_arena_births: 156.
num_arena_deaths: 0.
num_vsnodes_births: 2.
num_vsnodes_deaths: 0.
num_space_committed: 187.
num_space_uncommitted: 0.
num_chunks_returned_to_freelist: 0.
num_chunks_taken_from_freelist: 235.
num_chunk_merges: 0.
num_chunk_splits: 125.
num_chunks_enlarged: 46.
num_inconsistent_stats: 0.

CodeHeap 'non-profiled nmethods': size=120000Kb used=1209Kb max_used=1209Kb free=118790Kb
 bounds [0x0000024940620000, 0x0000024940890000, 0x0000024947b50000]
CodeHeap 'profiled nmethods': size=120000Kb used=5242Kb max_used=5242Kb free=114757Kb
 bounds [0x00000249390f0000, 0x0000024939610000, 0x0000024940620000]
CodeHeap 'non-nmethods': size=5760Kb used=1340Kb max_used=1383Kb free=4419Kb
 bounds [0x0000024938b50000, 0x0000024938dc0000, 0x00000249390f0000]
 total_blobs=3529 nmethods=2858 adapters=582
 compilation: enabled
              stopped_count=0, restarted_count=0
 full_count=0

Compilation events (20 events):
Event: 215.122 Thread 0x000002494f245f90 nmethod 2849 0x000002494074ca90 code [0x000002494074cc00, 0x000002494074ccb8]
Event: 215.524 Thread 0x000002494f252010 2850       3       javax.swing.text.PlainView::callDrawUnselectedText (46 bytes)
Event: 215.524 Thread 0x000002494f252010 nmethod 2850 0x000002493960bd90 code [0x000002493960bf60, 0x000002493960c4d8]
Event: 215.525 Thread 0x000002494f245f90 2851       4       javax.swing.border.AbstractBorder::getBorderInsets (17 bytes)
Event: 215.527 Thread 0x000002494f245f90 nmethod 2851 0x000002494074cd90 code [0x000002494074cf20, 0x000002494074d018]
Event: 216.329 Thread 0x000002494f252010 2852  s    3       sun.java2d.loops.GraphicsPrimitiveMgr::locate (56 bytes)
Event: 216.329 Thread 0x000002494f252010 nmethod 2852 0x000002493960c610 code [0x000002493960c800, 0x000002493960ccb8]
Event: 216.553 Thread 0x000002494f252010 2853  s    3       javax.swing.text.DefaultCaret::damage (56 bytes)
Event: 216.554 Thread 0x000002494f252010 nmethod 2853 0x000002493960ce10 code [0x000002493960cfc0, 0x000002493960d2d8]
Event: 216.697 Thread 0x000002494f252010 2854       3       java.io.BufferedWriter::newLine (8 bytes)
Event: 216.697 Thread 0x000002494f252010 nmethod 2854 0x000002493960d410 code [0x000002493960d5e0, 0x000002493960d988]
Event: 216.697 Thread 0x000002494f252010 2855       3       java.lang.System::lineSeparator (4 bytes)
Event: 216.697 Thread 0x000002494f252010 nmethod 2855 0x000002493960db10 code [0x000002493960dca0, 0x000002493960dd98]
Event: 216.697 Thread 0x000002494f252010 2856       3       java.nio.ByteBuffer::hasArray (20 bytes)
Event: 216.698 Thread 0x000002494f252010 nmethod 2856 0x000002493960de10 code [0x000002493960dfa0, 0x000002493960e158]
Event: 217.237 Thread 0x000002494f245f90 2857   !   4       java.awt.LightweightDispatcher::eventDispatched (358 bytes)
Event: 217.242 Thread 0x000002494f245f90 nmethod 2857 0x000002494074d110 code [0x000002494074d340, 0x000002494074dcc0]
Event: 217.339 Thread 0x000002494f252010 2858       3       javax.swing.JComponent::processMouseEvent (27 bytes)
Event: 217.339 Thread 0x000002494f252010 nmethod 2858 0x000002493960e210 code [0x000002493960e3e0, 0x000002493960e6f8]
Event: 218.115 Thread 0x000002494f245f90 2859   !   4       sun.awt.PostEventQueue::flush (168 bytes)

GC Heap History (2 events):
Event: 106.630 GC heap before
{Heap before GC invocations=0 (full 0):
 garbage-first heap   total 122880K, used 26624K [0x0000000089800000, 0x0000000100000000)
  region size 1024K, 21 young (21504K), 0 survivors (0K)
 Metaspace       used 11483K, committed 11712K, reserved 1114112K
  class space    used 1208K, committed 1344K, reserved 1048576K
}
Event: 106.637 GC heap after
{Heap after GC invocations=1 (full 0):
 garbage-first heap   total 122880K, used 6789K [0x0000000089800000, 0x0000000100000000)
  region size 1024K, 3 young (3072K), 3 survivors (3072K)
 Metaspace       used 11483K, committed 11712K, reserved 1114112K
  class space    used 1208K, committed 1344K, reserved 1048576K
}

Deoptimization events (20 events):
Event: 145.724 Thread 0x00000249563dea30 DEOPT PACKING pc=0x00000249406d6d88 sp=0x000000a73b7fef70
Event: 145.724 Thread 0x00000249563dea30 DEOPT UNPACKING pc=0x0000024938ba23a3 sp=0x000000a73b7fedd0 mode 2
Event: 145.724 Thread 0x00000249563dea30 Uncommon trap: trap_request=0xffffff45 fr.pc=0x00000249406e577c relative=0x000000000000251c
Event: 145.724 Thread 0x00000249563dea30 Uncommon trap: reason=unstable_if action=reinterpret pc=0x00000249406e577c method=java.awt.EventQueue.uncacheEQItem(Lsun/awt/EventQueueItem;)V @ 23 c2
Event: 145.724 Thread 0x00000249563dea30 DEOPT PACKING pc=0x00000249406e577c sp=0x000000a73b7ff080
Event: 145.724 Thread 0x00000249563dea30 DEOPT UNPACKING pc=0x0000024938ba23a3 sp=0x000000a73b7fef48 mode 2
Event: 145.760 Thread 0x00000249563dea30 Uncommon trap: trap_request=0xffffff45 fr.pc=0x0000024940713010 relative=0x0000000000002150
Event: 145.760 Thread 0x00000249563dea30 Uncommon trap: reason=unstable_if action=reinterpret pc=0x0000024940713010 method=java.awt.LightweightDispatcher.processMouseEvent(Ljava/awt/event/MouseEvent;)Z @ 89 c2
Event: 145.760 Thread 0x00000249563dea30 DEOPT PACKING pc=0x0000024940713010 sp=0x000000a73b7feee0
Event: 145.760 Thread 0x00000249563dea30 DEOPT UNPACKING pc=0x0000024938ba23a3 sp=0x000000a73b7fede8 mode 2
Event: 169.508 Thread 0x00000249563dea30 Uncommon trap: trap_request=0xffffff45 fr.pc=0x000002494071e1f4 relative=0x0000000000003f34
Event: 169.508 Thread 0x00000249563dea30 Uncommon trap: reason=unstable_if action=reinterpret pc=0x000002494071e1f4 method=sun.awt.im.InputContext.dispatchEvent(Ljava/awt/AWTEvent;)V @ 57 c2
Event: 169.508 Thread 0x00000249563dea30 DEOPT PACKING pc=0x000002494071e1f4 sp=0x000000a73b7fe950
Event: 169.508 Thread 0x00000249563dea30 DEOPT UNPACKING pc=0x0000024938ba23a3 sp=0x000000a73b7fe850 mode 2
Event: 172.962 Thread 0x00000249563dea30 DEOPT PACKING pc=0x00000249392dea9d sp=0x000000a73b7feda0
Event: 172.962 Thread 0x00000249563dea30 DEOPT UNPACKING pc=0x0000024938ba2b43 sp=0x000000a73b7fe230 mode 0
Event: 207.358 Thread 0x00000249563dea30 Uncommon trap: trap_request=0xffffff45 fr.pc=0x00000249406c0004 relative=0x0000000000000364
Event: 207.358 Thread 0x00000249563dea30 Uncommon trap: reason=unstable_if action=reinterpret pc=0x00000249406c0004 method=java.awt.EventQueue.uncacheEQItem(Lsun/awt/EventQueueItem;)V @ 23 c2
Event: 207.358 Thread 0x00000249563dea30 DEOPT PACKING pc=0x00000249406c0004 sp=0x000000a73b7ff010
Event: 207.358 Thread 0x00000249563dea30 DEOPT UNPACKING pc=0x0000024938ba23a3 sp=0x000000a73b7fef40 mode 2

Classes loaded (20 events):
Event: 17.179 Loading class sun/swing/MenuItemLayoutHelper$RectSize
Event: 17.179 Loading class sun/swing/MenuItemLayoutHelper$RectSize done
Event: 17.210 Loading class javax/swing/plaf/metal/BumpBuffer
Event: 17.211 Loading class javax/swing/plaf/metal/BumpBuffer done
Event: 53.867 Loading class java/awt/KeyboardFocusManager$4
Event: 53.867 Loading class java/awt/KeyboardFocusManager$4 done
Event: 83.997 Loading class java/util/Vector$1
Event: 83.997 Loading class java/util/Vector$1 done
Event: 83.997 Loading class javax/swing/Popup$HeavyWeightWindow
Event: 83.997 Loading class sun/awt/ModalExclude
Event: 83.997 Loading class sun/awt/ModalExclude done
Event: 83.998 Loading class javax/swing/JWindow
Event: 83.998 Loading class javax/swing/JWindow done
Event: 83.998 Loading class javax/swing/Popup$HeavyWeightWindow done
Event: 92.443 Loading class java/security/DomainCombiner
Event: 92.443 Loading class java/security/DomainCombiner done
Event: 145.710 Loading class java/awt/KeyboardFocusManager$2
Event: 145.715 Loading class java/awt/KeyboardFocusManager$2 done
Event: 145.715 Loading class sun/awt/SunToolkit$1
Event: 145.718 Loading class sun/awt/SunToolkit$1 done

Classes unloaded (0 events):
No events

Classes redefined (0 events):
No events

Internal exceptions (18 events):
Event: 0.116 Thread 0x000002492fa252b0 Exception <a 'java/lang/NoSuchMethodError'{0x0000000090eda5e8}: 'void java.lang.invoke.DirectMethodHandle$Holder.invokeStatic(java.lang.Object, java.lang.Object, java.lang.Object)'> (0x0000000090eda5e8) 
thrown [s\open\src\hotspot\share\interpreter\linkResolver.cpp, line 759]
Event: 0.123 Thread 0x000002492fa252b0 Exception <a 'java/lang/NoSuchMethodError'{0x0000000090ef3300}: 'java.lang.Object java.lang.invoke.Invokers$Holder.invokeExact_MT(java.lang.Object, java.lang.Object, java.lang.Object, java.lang.Object, java.lang.Object)'> (0x0000000090ef3300) 
thrown [s\open\src\hotspot\share\interpreter\linkResolver.cpp, line 759]
Event: 0.142 Thread 0x000002495350e360 Exception <a 'java/lang/NoSuchMethodError'{0x0000000090d072a0}: 'void java.lang.invoke.DirectMethodHandle$Holder.invokeStatic(java.lang.Object, java.lang.Object)'> (0x0000000090d072a0) 
thrown [s\open\src\hotspot\share\interpreter\linkResolver.cpp, line 759]
Event: 0.168 Thread 0x000002492fa252b0 Exception <a 'java/lang/ClassNotFoundException'{0x0000000090d7e460}: sun/awt/resources/spi/awtProvider> (0x0000000090d7e460) 
thrown [s\open\src\hotspot\share\classfile\systemDictionary.cpp, line 255]
Event: 0.205 Thread 0x000002492fa252b0 Exception <a 'java/io/FileNotFoundException'{0x0000000090dd0ad0}> (0x0000000090dd0ad0) 
thrown [s\open\src\hotspot\share\prims\jni.cpp, line 516]
Event: 0.213 Thread 0x000002492fa252b0 Exception <a 'java/io/FileNotFoundException'{0x0000000090dfdc48}> (0x0000000090dfdc48) 
thrown [s\open\src\hotspot\share\prims\jni.cpp, line 516]
Event: 0.309 Thread 0x000002492fa252b0 Exception <a 'java/lang/NoSuchMethodError'{0x0000000090c41e00}: 'java.lang.Object java.lang.invoke.DirectMethodHandle$Holder.invokeStaticInit(java.lang.Object)'> (0x0000000090c41e00) 
thrown [s\open\src\hotspot\share\interpreter\linkResolver.cpp, line 759]
Event: 0.588 Thread 0x000002492fa252b0 Exception <a 'java/lang/NoSuchMethodError'{0x0000000090cf7a58}: 'void java.lang.invoke.DirectMethodHandle$Holder.invokeSpecial(java.lang.Object, java.lang.Object, java.lang.Object)'> (0x0000000090cf7a58) 
thrown [s\open\src\hotspot\share\interpreter\linkResolver.cpp, line 759]
Event: 0.602 Thread 0x000002492fa252b0 Exception <a 'java/lang/NoSuchMethodError'{0x0000000090b23ff8}: 'java.lang.Object java.lang.invoke.DirectMethodHandle$Holder.newInvokeSpecial(java.lang.Object, java.lang.Object, java.lang.Object, java.lang.Object, java.lang.Object)'> (0x0000000090b23ff8) 
thrown [s\open\src\hotspot\share\interpreter\linkResolver.cpp, line 759]
Event: 0.611 Thread 0x000002492fa252b0 Exception <a 'java/lang/NoSuchMethodError'{0x0000000090b55908}: 'java.lang.Object java.lang.invoke.DirectMethodHandle$Holder.invokeStatic(java.lang.Object, int, java.lang.Object)'> (0x0000000090b55908) 
thrown [s\open\src\hotspot\share\interpreter\linkResolver.cpp, line 759]
Event: 0.649 Thread 0x000002492fa252b0 Exception <a 'java/lang/ClassNotFoundException'{0x0000000090a12c90}: com/sun/swing/internal/plaf/metal/resources/spi/metalProvider> (0x0000000090a12c90) 
thrown [s\open\src\hotspot\share\classfile\systemDictionary.cpp, line 255]
Event: 0.651 Thread 0x000002492fa252b0 Exception <a 'java/lang/ClassNotFoundException'{0x0000000090a18c70}: com/sun/swing/internal/plaf/basic/resources/spi/basicProvider> (0x0000000090a18c70) 
thrown [s\open\src\hotspot\share\classfile\systemDictionary.cpp, line 255]
Event: 0.667 Thread 0x000002492fa252b0 Exception <a 'java/lang/NoSuchMethodError'{0x0000000090a3a120}: 'int java.lang.invoke.Invokers$Holder.invokeExact_MT(java.lang.Object, java.lang.Object)'> (0x0000000090a3a120) 
thrown [s\open\src\hotspot\share\interpreter\linkResolver.cpp, line 759]
Event: 0.754 Thread 0x00000249536a45a0 Exception <a 'java/lang/NoSuchMethodError'{0x0000000090c7c258}: 'void java.lang.invoke.DirectMethodHandle$Holder.invokeVirtual(java.lang.Object, java.lang.Object)'> (0x0000000090c7c258) 
thrown [s\open\src\hotspot\share\interpreter\linkResolver.cpp, line 759]
Event: 0.790 Thread 0x000002492fa252b0 Exception <a 'java/lang/NoSuchMethodError'{0x0000000090afb798}: 'void java.lang.invoke.DirectMethodHandle$Holder.invokeStaticInit(java.lang.Object)'> (0x0000000090afb798) 
thrown [s\open\src\hotspot\share\interpreter\linkResolver.cpp, line 759]
Event: 0.828 Thread 0x000002492fa252b0 Exception <a 'java/io/FileNotFoundException'{0x0000000090908d58}> (0x0000000090908d58) 
thrown [s\open\src\hotspot\share\prims\jni.cpp, line 516]
Event: 2.343 Thread 0x000002494f2400f0 Exception <a 'java/lang/NoSuchMethodError'{0x00000000907efe78}: 'java.lang.Object java.lang.invoke.Invokers$Holder.invokeExact_MT(java.lang.Object, java.lang.Object, java.lang.Object, java.lang.Object, java.lang.Object, java.lang.Object)'> (0x00000000907efe78) 
thrown [s\open\src\hotspot\share\interpreter\linkResolver.cpp, line 759]
Event: 17.164 Thread 0x0000024956a1ed40 Exception <a 'java/lang/NoSuchMethodError'{0x000000009040d808}: 'java.lang.Object java.lang.invoke.DirectMethodHandle$Holder.newInvokeSpecial(java.lang.Object, java.lang.Object, java.lang.Object, int, int, int, int, int)'> (0x000000009040d808) 
thrown [s\open\src\hotspot\share\interpreter\linkResolver.cpp, line 759]

VM Operations (20 events):
Event: 203.811 Executing VM operation: Cleanup
Event: 203.811 Executing VM operation: Cleanup done
Event: 205.812 Executing VM operation: Cleanup
Event: 205.812 Executing VM operation: Cleanup done
Event: 206.821 Executing VM operation: Cleanup
Event: 206.821 Executing VM operation: Cleanup done
Event: 208.821 Executing VM operation: Cleanup
Event: 208.821 Executing VM operation: Cleanup done
Event: 210.821 Executing VM operation: Cleanup
Event: 210.821 Executing VM operation: Cleanup done
Event: 211.824 Executing VM operation: Cleanup
Event: 211.824 Executing VM operation: Cleanup done
Event: 212.825 Executing VM operation: Cleanup
Event: 212.826 Executing VM operation: Cleanup done
Event: 214.829 Executing VM operation: Cleanup
Event: 214.829 Executing VM operation: Cleanup done
Event: 215.838 Executing VM operation: Cleanup
Event: 215.838 Executing VM operation: Cleanup done
Event: 216.845 Executing VM operation: Cleanup
Event: 216.845 Executing VM operation: Cleanup done

Events (20 events):
Event: 0.108 Loaded shared library C:\Program Files\Java\jdk-18.0.2\bin\net.dll
Event: 0.110 Loaded shared library C:\Program Files\Java\jdk-18.0.2\bin\nio.dll
Event: 0.115 Loaded shared library C:\Program Files\Java\jdk-18.0.2\bin\zip.dll
Event: 0.130 Loaded shared library C:\Program Files\JetBrains\IntelliJ IDEA 2022.2.3\bin\breakgen64.dll
Event: 0.130 Thread 0x000002495350e360 Thread added: 0x000002495350e360
Event: 0.131 Thread 0x000002495350e820 Thread added: 0x000002495350e820
Event: 0.157 Loaded shared library C:\Program Files\Java\jdk-18.0.2\bin\jimage.dll
Event: 0.186 Loaded shared library C:\Program Files\Java\jdk-18.0.2\bin\awt.dll
Event: 0.310 Thread 0x00000249536d2320 Thread added: 0x00000249536d2320
Event: 0.311 Thread 0x00000249536d2c60 Thread added: 0x00000249536d2c60
Event: 0.312 Thread 0x00000249536a45a0 Thread added: 0x00000249536a45a0
Event: 0.754 Thread 0x00000249563dea30 Thread added: 0x00000249563dea30
Event: 0.805 Loaded shared library C:\Program Files\Java\jdk-18.0.2\bin\freetype.dll
Event: 0.812 Loaded shared library C:\Program Files\Java\jdk-18.0.2\bin\fontmanager.dll
Event: 0.920 Thread 0x000002492fa252b0 Thread exited: 0x000002492fa252b0
Event: 0.920 Thread 0x000002492fa252b0 Thread added: 0x000002492fa252b0
Event: 0.929 Thread 0x00000249535d0bf0 Thread added: 0x00000249535d0bf0
Event: 1.067 Thread 0x00000249566dae20 Thread added: 0x00000249566dae20
Event: 17.162 Thread 0x0000024956a1ed40 Thread added: 0x0000024956a1ed40
Event: 22.209 Thread 0x0000024956a1ed40 Thread exited: 0x0000024956a1ed40


Dynamic libraries:
0x00007ff734b40000 - 0x00007ff734b50000 	C:\Program Files\Java\jdk-18.0.2\bin\java.exe
0x00007ffe9ec10000 - 0x00007ffe9ee08000 	C:\WINDOWS\SYSTEM32\ntdll.dll
0x00007ffe9d8c0000 - 0x00007ffe9d97f000 	C:\WINDOWS\System32\KERNEL32.DLL
0x00007ffe9c690000 - 0x00007ffe9c962000 	C:\WINDOWS\System32\KERNELBASE.dll
0x00007ffe9c3f0000 - 0x00007ffe9c4f0000 	C:\WINDOWS\System32\ucrtbase.dll
0x00007ffe992b0000 - 0x00007ffe992c8000 	C:\Program Files\Java\jdk-18.0.2\bin\jli.dll
0x00007ffe99220000 - 0x00007ffe9923a000 	C:\Program Files\Java\jdk-18.0.2\bin\VCRUNTIME140.dll
0x00007ffe9d770000 - 0x00007ffe9d81e000 	C:\WINDOWS\System32\ADVAPI32.dll
0x00007ffe9db80000 - 0x00007ffe9dc1e000 	C:\WINDOWS\System32\msvcrt.dll
0x00007ffe9dc20000 - 0x00007ffe9dcbc000 	C:\WINDOWS\System32\sechost.dll
0x00007ffe9e0d0000 - 0x00007ffe9e1f5000 	C:\WINDOWS\System32\RPCRT4.dll
0x00007ffe9d9e0000 - 0x00007ffe9db7d000 	C:\WINDOWS\System32\USER32.dll
0x00007ffe9cb70000 - 0x00007ffe9cb92000 	C:\WINDOWS\System32\win32u.dll
0x00007ffe829d0000 - 0x00007ffe82c6a000 	C:\WINDOWS\WinSxS\amd64_microsoft.windows.common-controls_6595b64144ccf1df_6.0.19041.1110_none_60b5254171f9507e\COMCTL32.dll
0x00007ffe9d380000 - 0x00007ffe9d3ab000 	C:\WINDOWS\System32\GDI32.dll
0x00007ffe9c4f0000 - 0x00007ffe9c5ff000 	C:\WINDOWS\System32\gdi32full.dll
0x00007ffe9c970000 - 0x00007ffe9ca0d000 	C:\WINDOWS\System32\msvcp_win.dll
0x00007ffe9afc0000 - 0x00007ffe9afca000 	C:\WINDOWS\SYSTEM32\VERSION.dll
0x00007ffe9d880000 - 0x00007ffe9d8b2000 	C:\WINDOWS\System32\IMM32.DLL
0x00007ffe99210000 - 0x00007ffe9921c000 	C:\Program Files\Java\jdk-18.0.2\bin\vcruntime140_1.dll
0x00007ffe8f160000 - 0x00007ffe8f1ed000 	C:\Program Files\Java\jdk-18.0.2\bin\msvcp140.dll
0x00007ffe4a480000 - 0x00007ffe4b091000 	C:\Program Files\Java\jdk-18.0.2\bin\server\jvm.dll
0x00007ffe9df10000 - 0x00007ffe9df18000 	C:\WINDOWS\System32\PSAPI.DLL
0x00007ffe991f0000 - 0x00007ffe991f9000 	C:\WINDOWS\SYSTEM32\WSOCK32.dll
0x00007ffe9e200000 - 0x00007ffe9e26b000 	C:\WINDOWS\System32\WS2_32.dll
0x00007ffe8f330000 - 0x00007ffe8f357000 	C:\WINDOWS\SYSTEM32\WINMM.dll
0x00007ffe9aa20000 - 0x00007ffe9aa32000 	C:\WINDOWS\SYSTEM32\kernel.appcore.dll
0x00007ffe99200000 - 0x00007ffe9920a000 	C:\Program Files\Java\jdk-18.0.2\bin\jimage.dll
0x00007ffe99e80000 - 0x00007ffe9a064000 	C:\WINDOWS\SYSTEM32\DBGHELP.DLL
0x00007ffe7ba80000 - 0x00007ffe7baac000 	C:\WINDOWS\SYSTEM32\dbgcore.DLL
0x00007ffe9c600000 - 0x00007ffe9c682000 	C:\WINDOWS\System32\bcryptPrimitives.dll
0x00007ffe96630000 - 0x00007ffe9663e000 	C:\Program Files\Java\jdk-18.0.2\bin\instrument.dll
0x00007ffe94840000 - 0x00007ffe94865000 	C:\Program Files\Java\jdk-18.0.2\bin\java.dll
0x00007ffe8a2f0000 - 0x00007ffe8a3c6000 	C:\Program Files\Java\jdk-18.0.2\bin\jsvml.dll
0x00007ffe9e340000 - 0x00007ffe9ea83000 	C:\WINDOWS\System32\SHELL32.dll
0x00007ffe9a270000 - 0x00007ffe9aa02000 	C:\WINDOWS\SYSTEM32\windows.storage.dll
0x00007ffe9d410000 - 0x00007ffe9d764000 	C:\WINDOWS\System32\combase.dll
0x00007ffe9bc90000 - 0x00007ffe9bcc0000 	C:\WINDOWS\SYSTEM32\Wldp.dll
0x00007ffe9dcc0000 - 0x00007ffe9dd6d000 	C:\WINDOWS\System32\SHCORE.dll
0x00007ffe9d980000 - 0x00007ffe9d9d5000 	C:\WINDOWS\System32\shlwapi.dll
0x00007ffe9c250000 - 0x00007ffe9c26f000 	C:\WINDOWS\SYSTEM32\profapi.dll
0x00007ffe94720000 - 0x00007ffe94738000 	C:\Program Files\Java\jdk-18.0.2\bin\zip.dll
0x00007ffe96590000 - 0x00007ffe965a3000 	C:\Program Files\Java\jdk-18.0.2\bin\net.dll
0x00007ffe95a30000 - 0x00007ffe95b3c000 	C:\WINDOWS\SYSTEM32\WINHTTP.dll
0x00007ffe9b9f0000 - 0x00007ffe9ba5a000 	C:\WINDOWS\system32\mswsock.dll
0x00007ffe949f0000 - 0x00007ffe94a06000 	C:\Program Files\Java\jdk-18.0.2\bin\nio.dll
0x00007ffe92010000 - 0x00007ffe9202a000 	C:\Program Files\JetBrains\IntelliJ IDEA 2022.2.3\bin\breakgen64.dll
0x00007ffe535a0000 - 0x00007ffe5372f000 	C:\Program Files\Java\jdk-18.0.2\bin\awt.dll
0x00007ffe9e270000 - 0x00007ffe9e33d000 	C:\WINDOWS\System32\OLEAUT32.dll
0x00007ffe99440000 - 0x00007ffe994d1000 	C:\WINDOWS\SYSTEM32\apphelp.dll
0x00007ffe998f0000 - 0x00007ffe9991f000 	C:\WINDOWS\system32\DWMAPI.DLL
0x00007ffe99710000 - 0x00007ffe997ae000 	C:\WINDOWS\system32\uxtheme.dll
0x00007ffe2dd40000 - 0x00007ffe2de65000 	C:\WINDOWS\system32\opengl32.dll
0x00007ffe4ff50000 - 0x00007ffe4ff7c000 	C:\WINDOWS\SYSTEM32\GLU32.dll
0x00007ffe5ac50000 - 0x00007ffe5ad29000 	C:\Program Files\HP\HP ProtectTools Security Manager\Bin\DpoFeedb.dll
0x00007ffe9c1d0000 - 0x00007ffe9c1fe000 	C:\WINDOWS\SYSTEM32\USERENV.dll
0x00007ffe9ddf0000 - 0x00007ffe9df05000 	C:\WINDOWS\System32\MSCTF.dll
0x00007ffe9cc70000 - 0x00007ffe9cd9a000 	C:\WINDOWS\System32\ole32.dll
0x00007ffe2f9f0000 - 0x00007ffe2fbbf000 	C:\WINDOWS\system32\d3d9.dll
0x00007ffe8f360000 - 0x00007ffe8f51b000 	C:\WINDOWS\System32\DriverStore\FileRepository\u0382887.inf_amd64_c0c8f96c746954a2\B382882\aticfx64.dll
0x00007ffe6c310000 - 0x00007ffe6c344000 	C:\WINDOWS\System32\DriverStore\FileRepository\u0382887.inf_amd64_c0c8f96c746954a2\B382882\atiu9p64.dll
0x00007ffe49720000 - 0x00007ffe4a475000 	C:\WINDOWS\System32\DriverStore\FileRepository\u0382887.inf_amd64_c0c8f96c746954a2\B382882\atiumd64.dll
0x0000000053e10000 - 0x0000000054d36000 	C:\WINDOWS\System32\DriverStore\FileRepository\u0382887.inf_amd64_c0c8f96c746954a2\B382882\atiumd6a.dll
0x00007ffe9ce20000 - 0x00007ffe9d288000 	C:\WINDOWS\System32\SETUPAPI.dll
0x00007ffe9cc10000 - 0x00007ffe9cc5e000 	C:\WINDOWS\System32\cfgmgr32.dll
0x00007ffe9c310000 - 0x00007ffe9c337000 	C:\WINDOWS\System32\bcrypt.dll
0x00007ffe9c0d0000 - 0x00007ffe9c11b000 	C:\WINDOWS\SYSTEM32\POWRPROF.dll
0x00007ffe9c0b0000 - 0x00007ffe9c0c2000 	C:\WINDOWS\SYSTEM32\UMPDC.dll
0x00007ffe8bf00000 - 0x00007ffe8bf35000 	C:\WINDOWS\SYSTEM32\amdihk64.dll
0x00007ffe90b20000 - 0x00007ffe90b5b000 	C:\WINDOWS\SYSTEM32\dxcore.dll
0x00007ffe5f780000 - 0x00007ffe5f806000 	C:\Program Files\Java\jdk-18.0.2\bin\freetype.dll
0x00007ffe57410000 - 0x00007ffe574b8000 	C:\Program Files\Java\jdk-18.0.2\bin\fontmanager.dll
0x00007ffe9eb20000 - 0x00007ffe9ebcf000 	C:\WINDOWS\System32\clbcatq.dll
0x00007ffe94120000 - 0x00007ffe942d4000 	C:\WINDOWS\SYSTEM32\WindowsCodecs.dll
0x00007ffe5f100000 - 0x00007ffe5f13e000 	C:\WINDOWS\system32\dataexchange.dll
0x00007ffe979a0000 - 0x00007ffe97c03000 	C:\WINDOWS\system32\d3d11.dll
0x00007ffe987f0000 - 0x00007ffe989d3000 	C:\WINDOWS\system32\dcomp.dll
0x00007ffe9aa90000 - 0x00007ffe9ab83000 	C:\WINDOWS\system32\dxgi.dll
0x00007ffe94c00000 - 0x00007ffe94e00000 	C:\WINDOWS\system32\twinapi.appcore.dll
0x00007ffe88a10000 - 0x00007ffe88b09000 	C:\WINDOWS\SYSTEM32\textinputframework.dll
0x00007ffe98d60000 - 0x00007ffe990be000 	C:\WINDOWS\System32\CoreUIComponents.dll
0x00007ffe990c0000 - 0x00007ffe991b2000 	C:\WINDOWS\System32\CoreMessaging.dll
0x00007ffe9b430000 - 0x00007ffe9b463000 	C:\WINDOWS\SYSTEM32\ntmarta.dll
0x00007ffe98660000 - 0x00007ffe987b4000 	C:\WINDOWS\SYSTEM32\wintypes.dll
0x00007ffe846e0000 - 0x00007ffe8478c000 	C:\WINDOWS\SYSTEM32\TextShaping.dll

dbghelp: loaded successfully - version: 4.0.5 - missing functions: none
symbol engine: initialized successfully - sym options: 0x614 - pdb path: .;C:\Program Files\Java\jdk-18.0.2\bin;C:\WINDOWS\SYSTEM32;C:\WINDOWS\WinSxS\amd64_microsoft.windows.common-controls_6595b64144ccf1df_6.0.19041.1110_none_60b5254171f9507e;C:\Program Files\Java\jdk-18.0.2\bin\server;C:\Program Files\JetBrains\IntelliJ IDEA 2022.2.3\bin;C:\Program Files\HP\HP ProtectTools Security Manager\Bin;C:\WINDOWS\System32\DriverStore\FileRepository\u0382887.inf_amd64_c0c8f96c746954a2\B382882

VM Arguments:
jvm_args: -javaagent:C:\Program Files\JetBrains\IntelliJ IDEA 2022.2.3\lib\idea_rt.jar=61864:C:\Program Files\JetBrains\IntelliJ IDEA 2022.2.3\bin -Dfile.encoding=UTF-8 -Dsun.stdout.encoding=UTF-8 -Dsun.stderr.encoding=UTF-8 
java_command: chanshengsi01.MainGUI
java_class_path (initial): C:\Users\baymax\Desktop\code\project\MusicalInstrumentRecommendation\out\production\AIProject2
Launcher Type: SUN_STANDARD

[Global flags]
     intx CICompilerCount                          = 3                                         {product} {ergonomic}
     uint ConcGCThreads                            = 2                                         {product} {ergonomic}
     uint G1ConcRefinementThreads                  = 6                                         {product} {ergonomic}
   size_t G1HeapRegionSize                         = 1048576                                   {product} {ergonomic}
    uintx GCDrainStackTargetSize                   = 64                                        {product} {ergonomic}
   size_t InitialHeapSize                          = 125829120                                 {product} {ergonomic}
   size_t MarkStackSize                            = 4194304                                   {product} {ergonomic}
   size_t MaxHeapSize                              = 1988100096                                {product} {ergonomic}
   size_t MaxNewSize                               = 1192230912                                {product} {ergonomic}
   size_t MinHeapDeltaBytes                        = 1048576                                   {product} {ergonomic}
   size_t MinHeapSize                              = 8388608                                   {product} {ergonomic}
    uintx NonNMethodCodeHeapSize                   = 5832780                                {pd product} {ergonomic}
    uintx NonProfiledCodeHeapSize                  = 122912730                              {pd product} {ergonomic}
    uintx ProfiledCodeHeapSize                     = 122912730                              {pd product} {ergonomic}
    uintx ReservedCodeCacheSize                    = 251658240                              {pd product} {ergonomic}
     bool SegmentedCodeCache                       = true                                      {product} {ergonomic}
   size_t SoftMaxHeapSize                          = 1988100096                             {manageable} {ergonomic}
     bool UseCompressedClassPointers               = true                           {product lp64_product} {ergonomic}
     bool UseCompressedOops                        = true                           {product lp64_product} {ergonomic}
     bool UseG1GC                                  = true                                      {product} {ergonomic}
     bool UseLargePagesIndividualAllocation        = false                                  {pd product} {ergonomic}

Logging:
Log output configuration:
 #0: stdout all=warning uptime,level,tags foldmultilines=false
 #1: stderr all=off uptime,level,tags foldmultilines=false

Environment Variables:
JAVA_HOME=C:\Program Files\Java\jdk-18.0.2
CLASSPATH=.;C:\Program Files\Java\jdk-18.0.2\lib\dt.jar;C:\Program Files\Java\jdk-18.0.2\lib\toos.jar;
PATH=C:\Anaconda\anaconda;C:\Anaconda\anaconda\Scripts;C:\Program Files\apache-maven-3.8.6\bin;C:\Program Files\Java\jdk-18.0.2\bin;C:\Program Files\Common Files\Oracle\Java\javapath;C:\Program Files\Microsoft\jdk-11.0.12.7-hotspot\bin;C:\WINDOWS\system32;C:\WINDOWS;C:\WINDOWS\System32\Wbem;C:\WINDOWS\System32\WindowsPowerShell\v1.0\;C:\WINDOWS\System32\OpenSSH\;C:\Program Files\MATLAB\R2020b\runtime\win64;C:\Program Files\dotnet\;C:\Program Files\Graphviz\bin;C:\Strawberry\c\bin;C:\Strawberry\perl\site\bin;C:\Strawberry\perl\bin;C:\Program Files\MongoDB\Server\5.0\bin;C:\Program Files\Microsoft Visual Studio\2022\Community\Common7\IDE\CommonExtensions\Microsoft\CMake\CMake\bin;C:\Program Files\nodejs\;C:\Program Files\MySQL\MySQL Server 5.7\bin;C:\Program Files\MySQL\MySQL Shell 8.0\bin\;C:\Users\baymax\AppData\Local\Programs\Python\Python38-32\Scripts\;C:\Users\baymax\AppData\Local\Programs\Python\Python38-32\;C:\Users\baymax\AppData\Local\Microsoft\WindowsApps;C:\Users\baymax\AppData\Local\Programs\Microsoft VS Code\bin;C:\Program Files\Azure Data Studio\bin;C:\Users\baymax\.dotnet\tools;C:\Program Files\JetBrains\PyCharm 2022.2.3\bin;;C:\Users\baymax\AppData\Roaming\npm;C:\Program Files\nodejs\node_global;
USERNAME=baymax
OS=Windows_NT
PROCESSOR_IDENTIFIER=AMD64 Family 23 Model 96 Stepping 1, AuthenticAMD



---------------  S Y S T E M  ---------------

OS:
 Windows 10 , 64 bit Build 19041 (10.0.19041.2251)
OS uptime: 0 days 14:41 hours

CPU: total 6 (initial active 6) (6 cores per cpu, 1 threads per core) family 23 model 96 stepping 1 microcode 0x0, cx8, cmov, fxsr, mmx, 3dnowpref, sse, sse2, sse3, ssse3, sse4a, sse4.1, sse4.2, popcnt, lzcnt, tsc, tscinvbit, avx, avx2, aes, clmul, bmi1, bmi2, adx, sha, fma, vzeroupper, clflush, clflushopt

Memory: 4k page, system-wide physical 7581M (114M free)
TotalPageFile size 31133M (AvailPageFile size 0M)
current process WorkingSet (physical memory assigned to process): 80M, peak: 142M
current process commit charge ("private bytes"): 330M, peak: 331M

vm_info: Java HotSpot(TM) 64-Bit Server VM (18.0.2+9-61) for windows-amd64 JRE (18.0.2+9-61), built on Jun  7 2022 13:09:01 by "mach5one" with MS VC++ 16.8 / 16.9 (VS2019)

END.
